<?xml version="1.0" encoding="UTF-8"?>
<testsuites>
  <testsuite name="/var/www/agenziasmart/sw4/swotto/tests/Integration" tests="17" assertions="73" errors="0" warnings="0" failures="0" skipped="1" time="12.036076">
    <testsuite name="Swotto\Tests\Integration\CircuitBreakerCacheIntegrationTest" file="/var/www/agenziasmart/sw4/swotto/tests/Integration/CircuitBreakerCacheIntegrationTest.php" tests="6" assertions="22" errors="0" warnings="0" failures="0" skipped="0" time="10.026134">
      <testcase name="testCircuitBreakerStatePersistsInCache" class="Swotto\Tests\Integration\CircuitBreakerCacheIntegrationTest" classname="Swotto.Tests.Integration.CircuitBreakerCacheIntegrationTest" file="/var/www/agenziasmart/sw4/swotto/tests/Integration/CircuitBreakerCacheIntegrationTest.php" line="87" assertions="5" time="0.011299"/>
      <testcase name="testMultipleClientsShareCacheState" class="Swotto\Tests\Integration\CircuitBreakerCacheIntegrationTest" classname="Swotto.Tests.Integration.CircuitBreakerCacheIntegrationTest" file="/var/www/agenziasmart/sw4/swotto/tests/Integration/CircuitBreakerCacheIntegrationTest.php" line="138" assertions="2" time="0.001817"/>
      <testcase name="testCircuitBreakerWorksWithoutCache" class="Swotto\Tests\Integration\CircuitBreakerCacheIntegrationTest" classname="Swotto.Tests.Integration.CircuitBreakerCacheIntegrationTest" file="/var/www/agenziasmart/sw4/swotto/tests/Integration/CircuitBreakerCacheIntegrationTest.php" line="192" assertions="4" time="0.001539"/>
      <testcase name="testDifferentUrlsHaveSeparateCircuitBreakerStates" class="Swotto\Tests\Integration\CircuitBreakerCacheIntegrationTest" classname="Swotto.Tests.Integration.CircuitBreakerCacheIntegrationTest" file="/var/www/agenziasmart/sw4/swotto/tests/Integration/CircuitBreakerCacheIntegrationTest.php" line="231" assertions="4" time="0.001870"/>
      <testcase name="testCircuitBreakerCacheKeyIsolation" class="Swotto\Tests\Integration\CircuitBreakerCacheIntegrationTest" classname="Swotto.Tests.Integration.CircuitBreakerCacheIntegrationTest" file="/var/www/agenziasmart/sw4/swotto/tests/Integration/CircuitBreakerCacheIntegrationTest.php" line="286" assertions="4" time="10.001856"/>
      <testcase name="testCacheFailureDoesNotBreakCircuitBreaker" class="Swotto\Tests\Integration\CircuitBreakerCacheIntegrationTest" classname="Swotto.Tests.Integration.CircuitBreakerCacheIntegrationTest" file="/var/www/agenziasmart/sw4/swotto/tests/Integration/CircuitBreakerCacheIntegrationTest.php" line="332" assertions="3" time="0.007753"/>
    </testsuite>
    <testsuite name="Swotto\Tests\Integration\CircuitBreakerFailureIntegrationTest" file="/var/www/agenziasmart/sw4/swotto/tests/Integration/CircuitBreakerFailureIntegrationTest.php" tests="5" assertions="37" errors="0" warnings="0" failures="0" skipped="1" time="2.008686">
      <testcase name="testCircuitBreakerOpensAfterConsecutiveFailures" class="Swotto\Tests\Integration\CircuitBreakerFailureIntegrationTest" classname="Swotto.Tests.Integration.CircuitBreakerFailureIntegrationTest" file="/var/www/agenziasmart/sw4/swotto/tests/Integration/CircuitBreakerFailureIntegrationTest.php" line="24" assertions="11" time="0.001596"/>
      <testcase name="testCircuitBreakerBlocksRequestsWhenOpen" class="Swotto\Tests\Integration\CircuitBreakerFailureIntegrationTest" classname="Swotto.Tests.Integration.CircuitBreakerFailureIntegrationTest" file="/var/www/agenziasmart/sw4/swotto/tests/Integration/CircuitBreakerFailureIntegrationTest.php" line="75" assertions="9" time="0.000798"/>
      <testcase name="testCircuitBreakerRecoveryAfterTimeout" class="Swotto\Tests\Integration\CircuitBreakerFailureIntegrationTest" classname="Swotto.Tests.Integration.CircuitBreakerFailureIntegrationTest" file="/var/www/agenziasmart/sw4/swotto/tests/Integration/CircuitBreakerFailureIntegrationTest.php" line="115" assertions="5" time="2.001717"/>
      <testcase name="testDifferentFailureThresholds" class="Swotto\Tests\Integration\CircuitBreakerFailureIntegrationTest" classname="Swotto.Tests.Integration.CircuitBreakerFailureIntegrationTest" file="/var/www/agenziasmart/sw4/swotto/tests/Integration/CircuitBreakerFailureIntegrationTest.php" line="158" assertions="12" time="0.004345"/>
      <testcase name="testSuccessfulRequestsResetFailureCount" class="Swotto\Tests\Integration\CircuitBreakerFailureIntegrationTest" classname="Swotto.Tests.Integration.CircuitBreakerFailureIntegrationTest" file="/var/www/agenziasmart/sw4/swotto/tests/Integration/CircuitBreakerFailureIntegrationTest.php" line="217" assertions="0" time="0.000230">
        <skipped/>
      </testcase>
    </testsuite>
    <testsuite name="Swotto\Tests\Integration\ClientCircuitBreakerIntegrationTest" file="/var/www/agenziasmart/sw4/swotto/tests/Integration/ClientCircuitBreakerIntegrationTest.php" tests="6" assertions="14" errors="0" warnings="0" failures="0" skipped="0" time="0.001257">
      <testcase name="testClientCreatesCircuitBreakerWhenEnabled" class="Swotto\Tests\Integration\ClientCircuitBreakerIntegrationTest" classname="Swotto.Tests.Integration.ClientCircuitBreakerIntegrationTest" file="/var/www/agenziasmart/sw4/swotto/tests/Integration/ClientCircuitBreakerIntegrationTest.php" line="22" assertions="1" time="0.000144"/>
      <testcase name="testClientCreatesNormalHttpClientWhenDisabled" class="Swotto\Tests\Integration\ClientCircuitBreakerIntegrationTest" classname="Swotto.Tests.Integration.ClientCircuitBreakerIntegrationTest" file="/var/www/agenziasmart/sw4/swotto/tests/Integration/ClientCircuitBreakerIntegrationTest.php" line="43" assertions="2" time="0.000118"/>
      <testcase name="testClientCreatesNormalHttpClientWhenNotSpecified" class="Swotto\Tests\Integration\ClientCircuitBreakerIntegrationTest" classname="Swotto.Tests.Integration.ClientCircuitBreakerIntegrationTest" file="/var/www/agenziasmart/sw4/swotto/tests/Integration/ClientCircuitBreakerIntegrationTest.php" line="68" assertions="2" time="0.000108"/>
      <testcase name="testCircuitBreakerConfigurationPropagation" class="Swotto\Tests\Integration\ClientCircuitBreakerIntegrationTest" classname="Swotto.Tests.Integration.ClientCircuitBreakerIntegrationTest" file="/var/www/agenziasmart/sw4/swotto/tests/Integration/ClientCircuitBreakerIntegrationTest.php" line="93" assertions="4" time="0.000127"/>
      <testcase name="testClientUsesInjectedHttpClient" class="Swotto\Tests\Integration\ClientCircuitBreakerIntegrationTest" classname="Swotto.Tests.Integration.ClientCircuitBreakerIntegrationTest" file="/var/www/agenziasmart/sw4/swotto/tests/Integration/ClientCircuitBreakerIntegrationTest.php" line="121" assertions="2" time="0.000562"/>
      <testcase name="testMultipleClientsCreateIndependentCircuitBreakers" class="Swotto\Tests\Integration\ClientCircuitBreakerIntegrationTest" classname="Swotto.Tests.Integration.ClientCircuitBreakerIntegrationTest" file="/var/www/agenziasmart/sw4/swotto/tests/Integration/ClientCircuitBreakerIntegrationTest.php" line="149" assertions="3" time="0.000197"/>
    </testsuite>
  </testsuite>
</testsuites>
