<?xml version="1.0" encoding="UTF-8"?>
<testsuites>
  <testsuite name="" tests="64" assertions="181" errors="0" warnings="0" failures="0" skipped="0" time="0.064234">
    <testsuite name="Swotto Client Test Suite" tests="64" assertions="181" errors="0" warnings="0" failures="0" skipped="0" time="0.064234">
      <testsuite name="Swotto\Tests\ClientTest" file="/var/www/agenziasmart/sw4/swotto/tests/ClientTest.php" tests="19" assertions="56" errors="0" warnings="0" failures="0" skipped="0" time="0.031261">
        <testcase name="testGet" class="Swotto\Tests\ClientTest" classname="Swotto.Tests.ClientTest" file="/var/www/agenziasmart/sw4/swotto/tests/ClientTest.php" line="34" assertions="2" time="0.023988"/>
        <testcase name="testPost" class="Swotto\Tests\ClientTest" classname="Swotto.Tests.ClientTest" file="/var/www/agenziasmart/sw4/swotto/tests/ClientTest.php" line="48" assertions="2" time="0.000331"/>
        <testcase name="testPut" class="Swotto\Tests\ClientTest" classname="Swotto.Tests.ClientTest" file="/var/www/agenziasmart/sw4/swotto/tests/ClientTest.php" line="62" assertions="2" time="0.000225"/>
        <testcase name="testDelete" class="Swotto\Tests\ClientTest" classname="Swotto.Tests.ClientTest" file="/var/www/agenziasmart/sw4/swotto/tests/ClientTest.php" line="76" assertions="2" time="0.000260"/>
        <testcase name="testCheckConnectionSuccess" class="Swotto\Tests\ClientTest" classname="Swotto.Tests.ClientTest" file="/var/www/agenziasmart/sw4/swotto/tests/ClientTest.php" line="90" assertions="2" time="0.000378"/>
        <testcase name="testCheckConnectionFailure" class="Swotto\Tests\ClientTest" classname="Swotto.Tests.ClientTest" file="/var/www/agenziasmart/sw4/swotto/tests/ClientTest.php" line="102" assertions="2" time="0.001060"/>
        <testcase name="testFetchPop" class="Swotto\Tests\ClientTest" classname="Swotto.Tests.ClientTest" file="/var/www/agenziasmart/sw4/swotto/tests/ClientTest.php" line="114" assertions="2" time="0.000279"/>
        <testcase name="testFetchPopWithEmptyResponse" class="Swotto\Tests\ClientTest" classname="Swotto.Tests.ClientTest" file="/var/www/agenziasmart/sw4/swotto/tests/ClientTest.php" line="131" assertions="2" time="0.000209"/>
        <testcase name="testExceptionHandling" class="Swotto\Tests\ClientTest" classname="Swotto.Tests.ClientTest" file="/var/www/agenziasmart/sw4/swotto/tests/ClientTest.php" line="143" assertions="4" time="0.001375"/>
        <testcase name="testSetSessionId" class="Swotto\Tests\ClientTest" classname="Swotto.Tests.ClientTest" file="/var/www/agenziasmart/sw4/swotto/tests/ClientTest.php" line="157" assertions="1" time="0.000348"/>
        <testcase name="testSetLanguage" class="Swotto\Tests\ClientTest" classname="Swotto.Tests.ClientTest" file="/var/www/agenziasmart/sw4/swotto/tests/ClientTest.php" line="170" assertions="1" time="0.000176"/>
        <testcase name="testSetAccept" class="Swotto\Tests\ClientTest" classname="Swotto.Tests.ClientTest" file="/var/www/agenziasmart/sw4/swotto/tests/ClientTest.php" line="183" assertions="1" time="0.000188"/>
        <testcase name="testGetParsed" class="Swotto\Tests\ClientTest" classname="Swotto.Tests.ClientTest" file="/var/www/agenziasmart/sw4/swotto/tests/ClientTest.php" line="196" assertions="8" time="0.000751"/>
        <testcase name="testPostParsed" class="Swotto\Tests\ClientTest" classname="Swotto.Tests.ClientTest" file="/var/www/agenziasmart/sw4/swotto/tests/ClientTest.php" line="230" assertions="4" time="0.000247"/>
        <testcase name="testPatchParsed" class="Swotto\Tests\ClientTest" classname="Swotto.Tests.ClientTest" file="/var/www/agenziasmart/sw4/swotto/tests/ClientTest.php" line="250" assertions="3" time="0.000221"/>
        <testcase name="testPutParsed" class="Swotto\Tests\ClientTest" classname="Swotto.Tests.ClientTest" file="/var/www/agenziasmart/sw4/swotto/tests/ClientTest.php" line="269" assertions="3" time="0.000219"/>
        <testcase name="testDeleteParsed" class="Swotto\Tests\ClientTest" classname="Swotto.Tests.ClientTest" file="/var/www/agenziasmart/sw4/swotto/tests/ClientTest.php" line="288" assertions="3" time="0.000193"/>
        <testcase name="testParsedWithEmptyResponse" class="Swotto\Tests\ClientTest" classname="Swotto.Tests.ClientTest" file="/var/www/agenziasmart/sw4/swotto/tests/ClientTest.php" line="307" assertions="4" time="0.000213"/>
        <testcase name="testParsedWithComplexPagination" class="Swotto\Tests\ClientTest" classname="Swotto.Tests.ClientTest" file="/var/www/agenziasmart/sw4/swotto/tests/ClientTest.php" line="326" assertions="8" time="0.000600"/>
      </testsuite>
      <testsuite name="Swotto\Tests\ConfigurationTest" file="/var/www/agenziasmart/sw4/swotto/tests/ConfigurationTest.php" tests="12" assertions="27" errors="0" warnings="0" failures="0" skipped="0" time="0.002059">
        <testcase name="testValidConfiguration" class="Swotto\Tests\ConfigurationTest" classname="Swotto.Tests.ConfigurationTest" file="/var/www/agenziasmart/sw4/swotto/tests/ConfigurationTest.php" line="13" assertions="2" time="0.000081"/>
        <testcase name="testMissingRequiredKey" class="Swotto\Tests\ConfigurationTest" classname="Swotto.Tests.ConfigurationTest" file="/var/www/agenziasmart/sw4/swotto/tests/ConfigurationTest.php" line="21" assertions="2" time="0.000234"/>
        <testcase name="testInvalidConfigurationKey" class="Swotto\Tests\ConfigurationTest" classname="Swotto.Tests.ConfigurationTest" file="/var/www/agenziasmart/sw4/swotto/tests/ConfigurationTest.php" line="29" assertions="2" time="0.000079"/>
        <testcase name="testInvalidVerifySsl" class="Swotto\Tests\ConfigurationTest" classname="Swotto.Tests.ConfigurationTest" file="/var/www/agenziasmart/sw4/swotto/tests/ConfigurationTest.php" line="40" assertions="2" time="0.000086"/>
        <testcase name="testGetWithDefault" class="Swotto\Tests\ConfigurationTest" classname="Swotto.Tests.ConfigurationTest" file="/var/www/agenziasmart/sw4/swotto/tests/ConfigurationTest.php" line="51" assertions="2" time="0.000191"/>
        <testcase name="testBaseUrlWithTrailingSlash" class="Swotto\Tests\ConfigurationTest" classname="Swotto.Tests.ConfigurationTest" file="/var/www/agenziasmart/sw4/swotto/tests/ConfigurationTest.php" line="59" assertions="1" time="0.000051"/>
        <testcase name="testUpdateConfiguration" class="Swotto\Tests\ConfigurationTest" classname="Swotto.Tests.ConfigurationTest" file="/var/www/agenziasmart/sw4/swotto/tests/ConfigurationTest.php" line="66" assertions="3" time="0.000055"/>
        <testcase name="testToArray" class="Swotto\Tests\ConfigurationTest" classname="Swotto.Tests.ConfigurationTest" file="/var/www/agenziasmart/sw4/swotto/tests/ConfigurationTest.php" line="76" assertions="1" time="0.000047"/>
        <testcase name="testGetHeaders" class="Swotto\Tests\ConfigurationTest" classname="Swotto.Tests.ConfigurationTest" file="/var/www/agenziasmart/sw4/swotto/tests/ConfigurationTest.php" line="89" assertions="5" time="0.000071"/>
        <testcase name="testGetHeadersWithoutOptionalValues" class="Swotto\Tests\ConfigurationTest" classname="Swotto.Tests.ConfigurationTest" file="/var/www/agenziasmart/sw4/swotto/tests/ConfigurationTest.php" line="109" assertions="5" time="0.001043"/>
        <testcase name="testDetectClientUserAgent" class="Swotto\Tests\ConfigurationTest" classname="Swotto.Tests.ConfigurationTest" file="/var/www/agenziasmart/sw4/swotto/tests/ConfigurationTest.php" line="122" assertions="1" time="0.000074"/>
        <testcase name="testDetectClientIp" class="Swotto\Tests\ConfigurationTest" classname="Swotto.Tests.ConfigurationTest" file="/var/www/agenziasmart/sw4/swotto/tests/ConfigurationTest.php" line="132" assertions="1" time="0.000048"/>
      </testsuite>
      <testsuite name="Swotto\Tests\ExceptionTest" file="/var/www/agenziasmart/sw4/swotto/tests/ExceptionTest.php" tests="12" assertions="47" errors="0" warnings="0" failures="0" skipped="0" time="0.001806">
        <testcase name="testSwottoException" class="Swotto\Tests\ExceptionTest" classname="Swotto.Tests.ExceptionTest" file="/var/www/agenziasmart/sw4/swotto/tests/ExceptionTest.php" line="21" assertions="3" time="0.000108"/>
        <testcase name="testApiException" class="Swotto\Tests\ExceptionTest" classname="Swotto.Tests.ExceptionTest" file="/var/www/agenziasmart/sw4/swotto/tests/ExceptionTest.php" line="30" assertions="4" time="0.000316"/>
        <testcase name="testAuthenticationException" class="Swotto\Tests\ExceptionTest" classname="Swotto.Tests.ExceptionTest" file="/var/www/agenziasmart/sw4/swotto/tests/ExceptionTest.php" line="40" assertions="4" time="0.000236"/>
        <testcase name="testConfigurationException" class="Swotto\Tests\ExceptionTest" classname="Swotto.Tests.ExceptionTest" file="/var/www/agenziasmart/sw4/swotto/tests/ExceptionTest.php" line="50" assertions="4" time="0.000073"/>
        <testcase name="testConnectionException" class="Swotto\Tests\ExceptionTest" classname="Swotto.Tests.ExceptionTest" file="/var/www/agenziasmart/sw4/swotto/tests/ExceptionTest.php" line="60" assertions="5" time="0.000067"/>
        <testcase name="testConnectionExceptionWithTrace" class="Swotto\Tests\ExceptionTest" classname="Swotto.Tests.ExceptionTest" file="/var/www/agenziasmart/sw4/swotto/tests/ExceptionTest.php" line="71" assertions="4" time="0.000057"/>
        <testcase name="testForbiddenException" class="Swotto\Tests\ExceptionTest" classname="Swotto.Tests.ExceptionTest" file="/var/www/agenziasmart/sw4/swotto/tests/ExceptionTest.php" line="82" assertions="4" time="0.000211"/>
        <testcase name="testNetworkException" class="Swotto\Tests\ExceptionTest" classname="Swotto.Tests.ExceptionTest" file="/var/www/agenziasmart/sw4/swotto/tests/ExceptionTest.php" line="92" assertions="3" time="0.000058"/>
        <testcase name="testNotFoundException" class="Swotto\Tests\ExceptionTest" classname="Swotto.Tests.ExceptionTest" file="/var/www/agenziasmart/sw4/swotto/tests/ExceptionTest.php" line="101" assertions="4" time="0.000321"/>
        <testcase name="testRateLimitException" class="Swotto\Tests\ExceptionTest" classname="Swotto.Tests.ExceptionTest" file="/var/www/agenziasmart/sw4/swotto/tests/ExceptionTest.php" line="111" assertions="5" time="0.000250"/>
        <testcase name="testValidationException" class="Swotto\Tests\ExceptionTest" classname="Swotto.Tests.ExceptionTest" file="/var/www/agenziasmart/sw4/swotto/tests/ExceptionTest.php" line="122" assertions="4" time="0.000064"/>
        <testcase name="testExceptionDefaults" class="Swotto\Tests\ExceptionTest" classname="Swotto.Tests.ExceptionTest" file="/var/www/agenziasmart/sw4/swotto/tests/ExceptionTest.php" line="132" assertions="3" time="0.000046"/>
      </testsuite>
      <testsuite name="Swotto\Tests\GuzzleHttpClientTest" file="/var/www/agenziasmart/sw4/swotto/tests/GuzzleHttpClientTest.php" tests="11" assertions="32" errors="0" warnings="0" failures="0" skipped="0" time="0.027089">
        <testcase name="testSuccessfulRequest" class="Swotto\Tests\GuzzleHttpClientTest" classname="Swotto.Tests.GuzzleHttpClientTest" file="/var/www/agenziasmart/sw4/swotto/tests/GuzzleHttpClientTest.php" line="39" assertions="2" time="0.020828"/>
        <testcase name="testEmptyResponse" class="Swotto\Tests\GuzzleHttpClientTest" classname="Swotto.Tests.GuzzleHttpClientTest" file="/var/www/agenziasmart/sw4/swotto/tests/GuzzleHttpClientTest.php" line="61" assertions="2" time="0.000661"/>
        <testcase name="testValidationException" class="Swotto\Tests\GuzzleHttpClientTest" classname="Swotto.Tests.GuzzleHttpClientTest" file="/var/www/agenziasmart/sw4/swotto/tests/GuzzleHttpClientTest.php" line="81" assertions="4" time="0.002313"/>
        <testcase name="testAuthenticationException" class="Swotto\Tests\GuzzleHttpClientTest" classname="Swotto.Tests.GuzzleHttpClientTest" file="/var/www/agenziasmart/sw4/swotto/tests/GuzzleHttpClientTest.php" line="106" assertions="4" time="0.000501"/>
        <testcase name="testForbiddenException" class="Swotto\Tests\GuzzleHttpClientTest" classname="Swotto.Tests.GuzzleHttpClientTest" file="/var/www/agenziasmart/sw4/swotto/tests/GuzzleHttpClientTest.php" line="130" assertions="4" time="0.000435"/>
        <testcase name="testNotFoundException" class="Swotto\Tests\GuzzleHttpClientTest" classname="Swotto.Tests.GuzzleHttpClientTest" file="/var/www/agenziasmart/sw4/swotto/tests/GuzzleHttpClientTest.php" line="154" assertions="4" time="0.000397"/>
        <testcase name="testRateLimitException" class="Swotto\Tests\GuzzleHttpClientTest" classname="Swotto.Tests.GuzzleHttpClientTest" file="/var/www/agenziasmart/sw4/swotto/tests/GuzzleHttpClientTest.php" line="178" assertions="4" time="0.000531"/>
        <testcase name="testConnectException" class="Swotto\Tests\GuzzleHttpClientTest" classname="Swotto.Tests.GuzzleHttpClientTest" file="/var/www/agenziasmart/sw4/swotto/tests/GuzzleHttpClientTest.php" line="206" assertions="3" time="0.000685"/>
        <testcase name="testNetworkException" class="Swotto\Tests\GuzzleHttpClientTest" classname="Swotto.Tests.GuzzleHttpClientTest" file="/var/www/agenziasmart/sw4/swotto/tests/GuzzleHttpClientTest.php" line="228" assertions="3" time="0.000310"/>
        <testcase name="testInitialize" class="Swotto\Tests\GuzzleHttpClientTest" classname="Swotto.Tests.GuzzleHttpClientTest" file="/var/www/agenziasmart/sw4/swotto/tests/GuzzleHttpClientTest.php" line="250" assertions="1" time="0.000212"/>
        <testcase name="testInitializeWithConnectionException" class="Swotto\Tests\GuzzleHttpClientTest" classname="Swotto.Tests.GuzzleHttpClientTest" file="/var/www/agenziasmart/sw4/swotto/tests/GuzzleHttpClientTest.php" line="264" assertions="1" time="0.000215"/>
      </testsuite>
      <testsuite name="Swotto\Tests\PopTraitTest" file="/var/www/agenziasmart/sw4/swotto/tests/PopTraitTest.php" tests="10" assertions="19" errors="0" warnings="0" failures="0" skipped="0" time="0.002020">
        <testcase name="testGetGenderPop" class="Swotto\Tests\PopTraitTest" classname="Swotto.Tests.PopTraitTest" file="/var/www/agenziasmart/sw4/swotto/tests/PopTraitTest.php" line="31" assertions="2" time="0.000365"/>
        <testcase name="testGetUserRolePop" class="Swotto\Tests\PopTraitTest" classname="Swotto.Tests.PopTraitTest" file="/var/www/agenziasmart/sw4/swotto/tests/PopTraitTest.php" line="50" assertions="2" time="0.000203"/>
        <testcase name="testGetCountryPop" class="Swotto\Tests\PopTraitTest" classname="Swotto.Tests.PopTraitTest" file="/var/www/agenziasmart/sw4/swotto/tests/PopTraitTest.php" line="69" assertions="2" time="0.000179"/>
        <testcase name="testGetCustomerPop" class="Swotto\Tests\PopTraitTest" classname="Swotto.Tests.PopTraitTest" file="/var/www/agenziasmart/sw4/swotto/tests/PopTraitTest.php" line="92" assertions="2" time="0.000190"/>
        <testcase name="testGetIncotermByCode" class="Swotto\Tests\PopTraitTest" classname="Swotto.Tests.PopTraitTest" file="/var/www/agenziasmart/sw4/swotto/tests/PopTraitTest.php" line="115" assertions="2" time="0.000178"/>
        <testcase name="testGetWarehouseZonePop" class="Swotto\Tests\PopTraitTest" classname="Swotto.Tests.PopTraitTest" file="/var/www/agenziasmart/sw4/swotto/tests/PopTraitTest.php" line="133" assertions="2" time="0.000268"/>
        <testcase name="testGetShiptypePop" class="Swotto\Tests\PopTraitTest" classname="Swotto.Tests.PopTraitTest" file="/var/www/agenziasmart/sw4/swotto/tests/PopTraitTest.php" line="157" assertions="1" time="0.000096"/>
        <testcase name="testGetProjectPop" class="Swotto\Tests\PopTraitTest" classname="Swotto.Tests.PopTraitTest" file="/var/www/agenziasmart/sw4/swotto/tests/PopTraitTest.php" line="170" assertions="2" time="0.000195"/>
        <testcase name="testGetPaymentType" class="Swotto\Tests\PopTraitTest" classname="Swotto.Tests.PopTraitTest" file="/var/www/agenziasmart/sw4/swotto/tests/PopTraitTest.php" line="192" assertions="2" time="0.000172"/>
        <testcase name="testGetMeOrganization" class="Swotto\Tests\PopTraitTest" classname="Swotto.Tests.PopTraitTest" file="/var/www/agenziasmart/sw4/swotto/tests/PopTraitTest.php" line="214" assertions="2" time="0.000172"/>
      </testsuite>
    </testsuite>
  </testsuite>
</testsuites>
